<?xml version="1.0" encoding="UTF-8"?>
<testExecutions version="1">
  <file path="D:\Projects\2020\react-phalladium\packages\lib\components\alert\__tests__\alert.test.tsx">
    <testCase name="Alert should render the alert" duration="126"/>
    <testCase name="Alert should render success state correctly" duration="151"/>
    <testCase name="Alert should render warning state correctly" duration="54"/>
    <testCase name="Alert should render error state correctly" duration="53"/>
    <testCase name="Alert should render info state correctly" duration="42"/>
    <testCase name="Alert should call onDismiss" duration="68"/>
    <testCase name="Alert should render custom content" duration="14"/>
  </file>
  <file path="D:\Projects\2020\react-phalladium\packages\lib\components\accordion\__tests__\accordion.test.tsx">
    <testCase name="Accordion should render accordion" duration="103"/>
    <testCase name="Accordion should render snapshot" duration="24"/>
    <testCase name="Accordion should toggle content" duration="180"/>
    <testCase name="Accordion should call onExpanded" duration="53"/>
  </file>
  <file path="D:\Projects\2020\react-phalladium\packages\lib\components\dropdown\__tests__\dropdown-menu.test.tsx">
    <testCase name="Dropdown menu should render dropdown menu" duration="286"/>
  </file>
  <file path="D:\Projects\2020\react-phalladium\packages\lib\components\sidebar\__tests__\sidebar.test.tsx">
    <testCase name="Sidebar should render" duration="514"/>
    <testCase name="Sidebar should call handler" duration="261"/>
  </file>
  <file path="D:\Projects\2020\react-phalladium\packages\lib\components\transfer\__tests__\transfer.test.tsx">
    <testCase name="Transfer should render transfer view" duration="586"/>
    <testCase name="Transfer should render transfer snapshot" duration="135"/>
    <testCase name="Transfer should transfer right work as expected" duration="145"/>
    <testCase name="Transfer should transfer left work as expected" duration="96"/>
  </file>
  <file path="D:\Projects\2020\react-phalladium\packages\lib\components\dropdown\__tests__\dropdown.test.tsx">
    <testCase name="Dropdown should handler be called" duration="600"/>
    <testCase name="Dropdown should auto close menu" duration="508"/>
    <testCase name="Dropdown should render disabled" duration="19"/>
    <testCase name="Dropdown should render allowMultiSelection mode" duration="100"/>
    <testCase name="Dropdown should clear selection on pressing the clear button" duration="195"/>
  </file>
  <file path="D:\Projects\2020\react-phalladium\packages\lib\components\rate\__tests__\rate.test.tsx">
    <testCase name="Rate renders correctly" duration="235"/>
    <testCase name="Rate renders custom icon count" duration="105"/>
    <testCase name="Rate renders custom icon" duration="139"/>
    <testCase name="Rate should call onChange" duration="79"/>
    <testCase name="Rate should change on hover" duration="189"/>
    <testCase name="Rate check disabled state" duration="53"/>
  </file>
  <file path="D:\Projects\2020\react-phalladium\packages\lib\components\tooltip\__tests__\tooltip.test.tsx">
    <testCase name="Tooltip Should render tooltip" duration="85"/>
    <testCase name="Tooltip Should show/hide tooltip on hover" duration="53"/>
    <testCase name="Tooltip should render tooltip statically" duration="67"/>
    <testCase name="Tooltip should render tooltip bottom center" duration="34"/>
    <testCase name="Tooltip should render tooltip bottom left" duration="29"/>
    <testCase name="Tooltip should render tooltip bottom right" duration="32"/>
    <testCase name="Tooltip should render tooltip top left" duration="27"/>
    <testCase name="Tooltip should render tooltip top right" duration="29"/>
    <testCase name="Tooltip should render left center" duration="32"/>
    <testCase name="Tooltip should render right center" duration="27"/>
    <testCase name="Tooltip should render left top" duration="24"/>
    <testCase name="Tooltip should render left bottom" duration="24"/>
  </file>
  <file path="D:\Projects\2020\react-phalladium\packages\lib\components\list\__tests__\list.test.tsx">
    <testCase name="List should render list" duration="172"/>
    <testCase name="List should call handler" duration="117"/>
    <testCase name="List should handle search" duration="39"/>
    <testCase name="List should render multi selection" duration="188"/>
  </file>
  <file path="D:\Projects\2020\react-phalladium\packages\lib\components\tags\__tests__\tags.test.tsx">
    <testCase name="Tags Should render default" duration="482"/>
    <testCase name="Tags Should render disabled" duration="87"/>
    <testCase name="Tags Should create new tag" duration="654"/>
    <testCase name="Tags should delete a tag" duration="94"/>
    <testCase name="Tags should call on change" duration="595"/>
  </file>
  <file path="D:\Projects\2020\react-phalladium\packages\lib\components\drawer\__tests__\drawer.test.tsx">
    <testCase name="Drawer should render the drawer" duration="192"/>
    <testCase name="Drawer should render the drawer from right" duration="59"/>
    <testCase name="Drawer should render the drawer from bottom" duration="53"/>
    <testCase name="Drawer should render the drawer from top" duration="39"/>
    <testCase name="Drawer should close the drawer" duration="306"/>
  </file>
  <file path="D:\Projects\2020\react-phalladium\packages\lib\components\auto-suggest\__tests__\auto-suggest.test.tsx">
    <testCase name="AutoSuggest should render Auto Suggest" duration="50"/>
    <testCase name="AutoSuggest should render Auto Suggest with placeholder" duration="29"/>
    <testCase name="AutoSuggest should render suggestions" duration="284"/>
    <testCase name="AutoSuggest should show the selected item" duration="193"/>
    <testCase name="AutoSuggest should call onChange with the input" duration="428"/>
  </file>
  <file path="D:\Projects\2020\react-phalladium\packages\lib\components\global-notification\__tests__\global-notification.test.tsx">
    <testCase name="GlobalNotification should render global notification" duration="55"/>
    <testCase name="GlobalNotification should render success state" duration="113"/>
    <testCase name="GlobalNotification should render error state" duration="46"/>
    <testCase name="GlobalNotification should render warning state" duration="37"/>
    <testCase name="GlobalNotification should render info state" duration="34"/>
    <testCase name="GlobalNotification should call onClose on dismissed" duration="364"/>
  </file>
  <file path="D:\Projects\2020\react-phalladium\packages\lib\components\switch\__tests__\switch.test.tsx">
    <testCase name="Switch should render default" duration="15"/>
    <testCase name="Switch should be checked" duration="34"/>
    <testCase name="Switch should display toggle states" duration="109"/>
  </file>
  <file path="D:\Projects\2020\react-phalladium\packages\lib\components\input\__tests__\input.test.tsx">
    <testCase name="Input should render default" duration="138"/>
    <testCase name="Input should render state" duration="63"/>
    <testCase name="Input should call onchange" duration="145"/>
    <testCase name="Input should clear work" duration="61"/>
  </file>
  <file path="D:\Projects\2020\react-phalladium\packages\lib\components\menu-button\__tests__\menu-button.test.tsx">
    <testCase name="Menu Button should render the Menu button" duration="28"/>
    <testCase name="Menu Button should open menu on click" duration="173"/>
  </file>
  <file path="D:\Projects\2020\react-phalladium\packages\lib\components\tree\__tests__\tree-item.test.tsx">
    <testCase name="Tree should render Tree" duration="182"/>
    <testCase name="Tree should render expand and collapse tree" duration="154"/>
  </file>
  <file path="D:\Projects\2020\react-phalladium\packages\lib\components\dialog\__tests__\dialog.test.tsx">
    <testCase name="Dialog should render the dialog" duration="141"/>
    <testCase name="Dialog should render the dialog" duration="73"/>
    <testCase name="Dialog should close the dialog" duration="510"/>
  </file>
  <file path="D:\Projects\2020\react-phalladium\packages\lib\components\checkbox-group\__tests__\checkbox-group.test.tsx">
    <testCase name="CheckboxGroup should render checkbox group" duration="146"/>
    <testCase name="CheckboxGroup should match snapshot" duration="60"/>
    <testCase name="CheckboxGroup should check for isChecked" duration="126"/>
    <testCase name="CheckboxGroup check for disabled option" duration="74"/>
    <testCase name="CheckboxGroup should handle on change" duration="77"/>
  </file>
  <file path="D:\Projects\2020\react-phalladium\packages\lib\components\button\__tests__\button.test.tsx">
    <testCase name="Button should render default" duration="24"/>
    <testCase name="Button should render label" duration="24"/>
    <testCase name="Button should render size" duration="125"/>
    <testCase name="Button should render button snapshot" duration="35"/>
    <testCase name="Button should render disabled button" duration="46"/>
    <testCase name="Button should call handler" duration="13"/>
    <testCase name="Button should call handler via keyboard action" duration="22"/>
    <testCase name="Button should have focus" duration="65"/>
  </file>
  <file path="D:\Projects\2020\react-phalladium\packages\lib\components\breadcrumb\__tests__\breadcrumb.test.tsx">
    <testCase name="Breadcrumb should render" duration="206"/>
    <testCase name="Breadcrumb should onClick is called" duration="74"/>
    <testCase name="Breadcrumb should render snapshot" duration="62"/>
  </file>
  <file path="D:\Projects\2020\react-phalladium\packages\lib\components\tabs\__tests__\tabs.test.tsx">
    <testCase name="Tabs should render tabs" duration="107"/>
    <testCase name="Tabs should render tab content on selection" duration="56"/>
    <testCase name="Tabs should render snapshot" duration="114"/>
    <testCase name="Tabs should render a specific tab on load" duration="152"/>
  </file>
  <file path="D:\Projects\2020\react-phalladium\packages\lib\components\checkbox\__tests__\checkbox.test.tsx">
    <testCase name="Checkbox should render default" duration="48"/>
    <testCase name="Checkbox should render disabled" duration="57"/>
    <testCase name="Checkbox should render default prop isChecked" duration="16"/>
    <testCase name="Checkbox should call the handler" duration="63"/>
    <testCase name="Checkbox should receive focus" duration="61"/>
    <testCase name="Checkbox should be checked by default" duration="48"/>
  </file>
  <file path="D:\Projects\2020\react-phalladium\packages\lib\components\section\__tests__\section.test.tsx">
    <testCase name="Section should render Section correctly" duration="18"/>
    <testCase name="Section should render section content" duration="16"/>
  </file>
  <file path="D:\Projects\2020\react-phalladium\packages\lib\components\carousel\__tests__\carousel.test.tsx">
    <testCase name="Carousel should render carousel" duration="113"/>
    <testCase name="Carousel should render carousel snapshot" duration="76"/>
    <testCase name="Carousel should render vertical carousel" duration="55"/>
  </file>
  <file path="D:\Projects\2020\react-phalladium\packages\lib\components\radio\__tests__\radio.test.tsx">
    <testCase name="Radio should render the radio component" duration="66"/>
    <testCase name="Radio should call the handler on selection" duration="52"/>
  </file>
  <file path="D:\Projects\2020\react-phalladium\packages\lib\components\carousel\__tests__\carousel-track.test.tsx">
    <testCase name="Carousel Track Should render the track" duration="130"/>
    <testCase name="Carousel Track Should render the track snapshot" duration="49"/>
    <testCase name="Carousel Track Should call the handler" duration="59"/>
    <testCase name="Carousel Track Should the active selection is selected" duration="96"/>
  </file>
  <file path="D:\Projects\2020\react-phalladium\packages\lib\components\radio-group\__tests__\radio-group.test.tsx">
    <testCase name="Radio Group should render the radio group" duration="82"/>
    <testCase name="Radio Group should call the handler" duration="80"/>
  </file>
  <file path="D:\Projects\2020\react-phalladium\packages\lib\components\skeleton\__tests__\skeleton.test.tsx">
    <testCase name="Skeleton should render skeleton" duration="22"/>
    <testCase name="Skeleton should render skeleton blocks" duration="23"/>
    <testCase name="Skeleton should blink" duration="45"/>
  </file>
  <file path="D:\Projects\2020\react-phalladium\packages\lib\components\page-header\__tests__\page-header.test.tsx">
    <testCase name="PageHeader should render" duration="16"/>
    <testCase name="PageHeader should render the children" duration="11"/>
  </file>
  <file path="D:\Projects\2020\react-phalladium\packages\lib\components\menu\__tests__\menu.test.tsx">
    <testCase name="Menu should render the host component" duration="19"/>
    <testCase name="Menu should onSelection work as expected" duration="54"/>
    <testCase name="Menu should menu toggle" duration="76"/>
    <testCase name="Menu should not select the disabled item" duration="41"/>
  </file>
  <file path="D:\Projects\2020\react-phalladium\packages\lib\components\carousel\__tests__\carousel-items.test.tsx">
    <testCase name="Carousel items Should render carousel items" duration="61"/>
    <testCase name="Carousel items Should render carousel items snapshot" duration="32"/>
  </file>
  <file path="D:\Projects\2020\react-phalladium\packages\lib\components\data-grid\__tests__\data-grid-header.test.tsx">
    <testCase name="DataGridHeader should render the headers correctly" duration="23"/>
    <testCase name="DataGridHeader headers should be sortable" duration="106"/>
  </file>
  <file path="D:\Projects\2020\react-phalladium\packages\lib\components\carousel\__tests__\carousel-button.test.tsx">
    <testCase name="Carousel Button should render with position" duration="22"/>
    <testCase name="Carousel Button should render carousel button snapshot" duration="126"/>
    <testCase name="Carousel Button should call the onClick handler" duration="44"/>
  </file>
  <file path="D:\Projects\2020\react-phalladium\packages\lib\components\image\__tests__\image.test.tsx">
    <testCase name="Image should render image" duration="55"/>
  </file>
  <file path="D:\Projects\2020\react-phalladium\packages\lib\components\card\__tests__\card.test.tsx">
    <testCase name="Card should render a basic card" duration="16"/>
    <testCase name="Card should render header and footer" duration="15"/>
  </file>
  <file path="D:\Projects\2020\react-phalladium\packages\lib\components\progress\__tests__\progress.test.tsx">
    <testCase name="Progress should render progressbar" duration="21"/>
  </file>
  <file path="D:\Projects\2020\react-phalladium\packages\lib\components\data-grid\__tests__\data-grid-cell.test.tsx">
    <testCase name="DataGridCell should render the data grid cell" duration="78"/>
    <testCase name="DataGridCell should render with border" duration="27"/>
  </file>
  <file path="D:\Projects\2020\react-phalladium\packages\lib\components\notification\__tests__\notification.test.tsx">
    <testCase name="Notification should render the notification" duration="97"/>
  </file>
</testExecutions>