<?xml version="1.0" encoding="UTF-8"?>
<testExecutions version="1">
  <file path="D:\Projects\2020\react-phalladium\packages\lib\components\button\__tests__\button.test.tsx">
    <testCase name="Button should render default" duration="95"/>
    <testCase name="Button should render label" duration="52"/>
    <testCase name="Button should render size" duration="244"/>
    <testCase name="Button should render button snapshot" duration="82"/>
    <testCase name="Button should render disabled button" duration="174"/>
    <testCase name="Button should call handler" duration="17"/>
    <testCase name="Button should call handler via keyboard action" duration="47"/>
    <testCase name="Button should have focus" duration="99"/>
  </file>
  <file path="D:\Projects\2020\react-phalladium\packages\lib\components\global-notification\__tests__\global-notification.test.tsx">
    <testCase name="GlobalNotification should render global notification" duration="174"/>
    <testCase name="GlobalNotification should render success state" duration="243"/>
    <testCase name="GlobalNotification should render error state" duration="132"/>
    <testCase name="GlobalNotification should render warning state" duration="155"/>
    <testCase name="GlobalNotification should render info state" duration="98"/>
    <testCase name="GlobalNotification should call onClose on dismissed" duration="420"/>
  </file>
  <file path="D:\Projects\2020\react-phalladium\packages\lib\components\auto-complete\__tests__\auto-complete.test.tsx">
    <testCase name="AutoComplete should render auto complete" duration="202"/>
    <testCase name="AutoComplete should render auto complete with placeholder" duration="26"/>
    <testCase name="AutoComplete should render suggestions" duration="488"/>
    <testCase name="AutoComplete should show the selected item" duration="367"/>
    <testCase name="AutoComplete should call onChange with the input" duration="161"/>
  </file>
  <file path="D:\Projects\2020\react-phalladium\packages\lib\components\list\__tests__\list.test.tsx">
    <testCase name="List should render list" duration="535"/>
    <testCase name="List should call handler" duration="476"/>
    <testCase name="List should handle search" duration="88"/>
    <testCase name="List should render multi selection" duration="525"/>
  </file>
  <file path="D:\Projects\2020\react-phalladium\packages\lib\components\transfer\__tests__\transfer.test.tsx">
    <testCase name="Transfer should render transfer view" duration="813"/>
    <testCase name="Transfer should render transfer snapshot" duration="221"/>
    <testCase name="Transfer should transfer right work as expected" duration="309"/>
    <testCase name="Transfer should transfer left work as expected" duration="201"/>
  </file>
  <file path="D:\Projects\2020\react-phalladium\packages\lib\components\sidebar\__tests__\sidebar.test.tsx">
    <testCase name="Sidebar should render" duration="569"/>
    <testCase name="Sidebar should call handler" duration="598"/>
  </file>
  <file path="D:\Projects\2020\react-phalladium\packages\lib\components\tags\__tests__\tags.test.tsx">
    <testCase name="Tags Should render default" duration="1026"/>
    <testCase name="Tags Should render disabled" duration="150"/>
    <testCase name="Tags Should create new tag" duration="696"/>
    <testCase name="Tags should delete a tag" duration="137"/>
    <testCase name="Tags should call on change" duration="766"/>
  </file>
  <file path="D:\Projects\2020\react-phalladium\packages\lib\components\dropdown\__tests__\dropdown.test.tsx">
    <testCase name="Dropdown should handler be called" duration="803"/>
    <testCase name="Dropdown should auto close menu" duration="740"/>
    <testCase name="Dropdown should render disabled" duration="89"/>
    <testCase name="Dropdown should render allowMultiSelection mode" duration="127"/>
  </file>
  <file path="D:\Projects\2020\react-phalladium\packages\lib\components\carousel\__tests__\carousel.test.tsx">
    <testCase name="Carousel should render carousel" duration="120"/>
    <testCase name="Carousel should render carousel snapshot" duration="88"/>
    <testCase name="Carousel should render vertical carousel" duration="45"/>
  </file>
  <file path="D:\Projects\2020\react-phalladium\packages\lib\components\radio-group\__tests__\radio-group.test.tsx">
    <testCase name="Radio Group should render the radio group" duration="378"/>
    <testCase name="Radio Group should call the handler" duration="65"/>
  </file>
  <file path="D:\Projects\2020\react-phalladium\packages\lib\components\menu\__tests__\menu.test.tsx">
    <testCase name="Menu should render the host component" duration="31"/>
    <testCase name="Menu should onSelection work as expected" duration="115"/>
    <testCase name="Menu should menu toggle" duration="98"/>
    <testCase name="Menu should not select the disabled item" duration="60"/>
  </file>
  <file path="D:\Projects\2020\react-phalladium\packages\lib\components\menu-button\__tests__\menu-button.test.tsx">
    <testCase name="Menu Button should render the Menu button" duration="53"/>
    <testCase name="Menu Button should open menu on click" duration="417"/>
  </file>
  <file path="D:\Projects\2020\react-phalladium\packages\lib\components\skeleton\__tests__\skeleton.test.tsx">
    <testCase name="Skeleton should render skeleton" duration="80"/>
    <testCase name="Skeleton should render skeleton blocks" duration="28"/>
    <testCase name="Skeleton should blink" duration="35"/>
  </file>
  <file path="D:\Projects\2020\react-phalladium\packages\lib\components\notification\__tests__\notification.test.tsx">
    <testCase name="Notification should render the notification" duration="217"/>
  </file>
  <file path="D:\Projects\2020\react-phalladium\packages\lib\components\drawer\__tests__\drawer.test.tsx">
    <testCase name="Drawer should render the drawer" duration="273"/>
    <testCase name="Drawer should render the drawer from right" duration="86"/>
    <testCase name="Drawer should render the drawer from bottom" duration="83"/>
    <testCase name="Drawer should render the drawer from top" duration="89"/>
    <testCase name="Drawer should close the drawer" duration="349"/>
  </file>
  <file path="D:\Projects\2020\react-phalladium\packages\lib\components\checkbox\__tests__\checkbox.test.tsx">
    <testCase name="Checkbox should render default" duration="31"/>
    <testCase name="Checkbox should render disabled" duration="118"/>
    <testCase name="Checkbox should render default prop isChecked" duration="30"/>
    <testCase name="Checkbox should call the handler" duration="58"/>
    <testCase name="Checkbox should receive focus" duration="41"/>
    <testCase name="Checkbox should be checked by default" duration="28"/>
  </file>
  <file path="D:\Projects\2020\react-phalladium\packages\lib\components\rate\__tests__\rate.test.tsx">
    <testCase name="Rate renders correctly" duration="188"/>
    <testCase name="Rate renders custom icon count" duration="124"/>
    <testCase name="Rate renders custom icon" duration="149"/>
    <testCase name="Rate should call onChange" duration="93"/>
    <testCase name="Rate should change on hover" duration="230"/>
    <testCase name="Rate check disabled state" duration="71"/>
  </file>
  <file path="D:\Projects\2020\react-phalladium\packages\lib\components\data-grid\__tests__\data-grid-header.test.tsx">
    <testCase name="DataGridHeader should render the headers correctly" duration="74"/>
    <testCase name="DataGridHeader headers should be sortable" duration="86"/>
  </file>
  <file path="D:\Projects\2020\react-phalladium\packages\lib\components\checkbox-group\__tests__\checkbox-group.test.tsx">
    <testCase name="CheckboxGroup should render checkbox group" duration="221"/>
    <testCase name="CheckboxGroup should match snapshot" duration="46"/>
    <testCase name="CheckboxGroup should check for isChecked" duration="78"/>
    <testCase name="CheckboxGroup check for disabled option" duration="146"/>
    <testCase name="CheckboxGroup should handle on change" duration="87"/>
  </file>
  <file path="D:\Projects\2020\react-phalladium\packages\lib\components\input\__tests__\input.test.tsx">
    <testCase name="Input should render default" duration="128"/>
    <testCase name="Input should render state" duration="84"/>
    <testCase name="Input should call onchange" duration="260"/>
    <testCase name="Input should clear work" duration="85"/>
  </file>
  <file path="D:\Projects\2020\react-phalladium\packages\lib\components\dropdown\__tests__\dropdown-menu.test.tsx">
    <testCase name="Dropdown menu should render dropdown menu" duration="65"/>
  </file>
  <file path="D:\Projects\2020\react-phalladium\packages\lib\components\dialog\__tests__\dialog.test.tsx">
    <testCase name="Dialog should render the dialog" duration="192"/>
    <testCase name="Dialog should render the dialog" duration="38"/>
    <testCase name="Dialog should close the dialog" duration="371"/>
  </file>
  <file path="D:\Projects\2020\react-phalladium\packages\lib\components\switch\__tests__\switch.test.tsx">
    <testCase name="Switch should render default" duration="27"/>
    <testCase name="Switch should be checked" duration="201"/>
    <testCase name="Switch should display toggle states" duration="142"/>
  </file>
  <file path="D:\Projects\2020\react-phalladium\packages\lib\components\carousel\__tests__\carousel-items.test.tsx">
    <testCase name="Carousel items Should render carousel items" duration="57"/>
    <testCase name="Carousel items Should render carousel items snapshot" duration="29"/>
  </file>
  <file path="D:\Projects\2020\react-phalladium\packages\lib\components\breadcrumb\__tests__\breadcrumb.test.tsx">
    <testCase name="Breadcrumb should render" duration="215"/>
    <testCase name="Breadcrumb should onClick is called" duration="38"/>
    <testCase name="Breadcrumb should render snapshot" duration="45"/>
  </file>
  <file path="D:\Projects\2020\react-phalladium\packages\lib\components\carousel\__tests__\carousel-track.test.tsx">
    <testCase name="Carousel Track Should render the track" duration="154"/>
    <testCase name="Carousel Track Should render the track snapshot" duration="86"/>
    <testCase name="Carousel Track Should call the handler" duration="127"/>
    <testCase name="Carousel Track Should the active selection is selected" duration="62"/>
  </file>
  <file path="D:\Projects\2020\react-phalladium\packages\lib\components\radio\__tests__\radio.test.tsx">
    <testCase name="Radio should render the radio component" duration="43"/>
    <testCase name="Radio should call the handler on selection" duration="65"/>
  </file>
  <file path="D:\Projects\2020\react-phalladium\packages\lib\components\carousel\__tests__\carousel-button.test.tsx">
    <testCase name="Carousel Button should render with position" duration="17"/>
    <testCase name="Carousel Button should render carousel button snapshot" duration="42"/>
    <testCase name="Carousel Button should call the onClick handler" duration="61"/>
  </file>
  <file path="D:\Projects\2020\react-phalladium\packages\lib\components\card\__tests__\card.test.tsx">
    <testCase name="Card should render a basic card" duration="17"/>
    <testCase name="Card should render header and footer" duration="18"/>
  </file>
  <file path="D:\Projects\2020\react-phalladium\packages\lib\components\tabs\__tests__\tabs.test.tsx">
    <testCase name="Tabs should render tabs" duration="131"/>
    <testCase name="Tabs should render tab content on selection" duration="47"/>
    <testCase name="Tabs should render snapshot" duration="90"/>
  </file>
  <file path="D:\Projects\2020\react-phalladium\packages\lib\components\alert\__tests__\alert.test.tsx">
    <testCase name="Alert should render the alert" duration="26"/>
    <testCase name="Alert should render success state correctly" duration="82"/>
    <testCase name="Alert should render warning state correctly" duration="57"/>
    <testCase name="Alert should render error state correctly" duration="49"/>
    <testCase name="Alert should render info state correctly" duration="31"/>
    <testCase name="Alert should call onDismiss" duration="72"/>
    <testCase name="Alert should render custom content" duration="19"/>
  </file>
  <file path="D:\Projects\2020\react-phalladium\packages\lib\components\accordion\__tests__\accordion.test.tsx">
    <testCase name="Accordion should render accordion" duration="31"/>
    <testCase name="Accordion should render snapshot" duration="46"/>
    <testCase name="Accordion should toggle content" duration="92"/>
    <testCase name="Accordion should call onExpanded" duration="46"/>
  </file>
  <file path="D:\Projects\2020\react-phalladium\packages\lib\components\tree\__tests__\tree-item.test.tsx">
    <testCase name="Tree should render Tree" duration="196"/>
    <testCase name="Tree should render expand and collapse tree" duration="174"/>
  </file>
  <file path="D:\Projects\2020\react-phalladium\packages\lib\components\page-header\__tests__\page-header.test.tsx">
    <testCase name="PageHeader should render" duration="17"/>
    <testCase name="PageHeader should render the children" duration="17"/>
  </file>
  <file path="D:\Projects\2020\react-phalladium\packages\lib\components\section\__tests__\section.test.tsx">
    <testCase name="Section should render Section correctly" duration="22"/>
    <testCase name="Section should render section content" duration="12"/>
  </file>
  <file path="D:\Projects\2020\react-phalladium\packages\lib\components\data-grid\__tests__\data-grid-cell.test.tsx">
    <testCase name="DataGridCell should render the data grid cell" duration="47"/>
    <testCase name="DataGridCell should render with border" duration="43"/>
  </file>
  <file path="D:\Projects\2020\react-phalladium\packages\lib\components\progress\__tests__\progress.test.tsx">
    <testCase name="Progress should render progressbar" duration="18"/>
  </file>
  <file path="D:\Projects\2020\react-phalladium\packages\lib\components\image\__tests__\image.test.tsx">
    <testCase name="Image should render image" duration="46"/>
  </file>
  <file path="D:\Projects\2020\react-phalladium\packages\lib\components\tooltip\__tests__\tooltip.test.tsx">
    <testCase name="Tooltip Should render tooltip" duration="51"/>
    <testCase name="Tooltip Should show/hide tooltip on hover" duration="58"/>
  </file>
</testExecutions>