<?xml version="1.0" encoding="UTF-8"?>
<testExecutions version="1">
  <file path="D:\Projects\2020\react-phalladium\packages\lib\components\progress\__tests__\progress.test.tsx">
    <testCase name="Progress should render progressbar in indeterminate mode" duration="64"/>
    <testCase name="Progress should render in determinate mode" duration="18"/>
    <testCase name="Progress should have all aria values" duration="20"/>
  </file>
</testExecutions>