<?xml version="1.0" encoding="UTF-8"?>
<testExecutions version="1">
  <file path="D:\Projects\2020\react-phalladium\packages\lib\components\alert\__tests__\alert.test.tsx">
    <testCase name="Alert should render the alert" duration="156"/>
    <testCase name="Alert should render success state correctly" duration="194"/>
    <testCase name="Alert should render warning state correctly" duration="81"/>
    <testCase name="Alert should render error state correctly" duration="67"/>
    <testCase name="Alert should render info state correctly" duration="57"/>
    <testCase name="Alert should call onDismiss" duration="77"/>
    <testCase name="Alert should render custom content" duration="18"/>
  </file>
  <file path="D:\Projects\2020\react-phalladium\packages\lib\components\accordion\__tests__\accordion.test.tsx">
    <testCase name="Accordion should render accordion" duration="126"/>
    <testCase name="Accordion should render snapshot" duration="37"/>
    <testCase name="Accordion should toggle content" duration="222"/>
    <testCase name="Accordion should call onExpanded" duration="89"/>
  </file>
  <file path="D:\Projects\2020\react-phalladium\packages\lib\components\menu-button\__tests__\menu-button.test.tsx">
    <testCase name="Menu Button should render the Menu button" duration="65"/>
    <testCase name="Menu Button should open menu on click" duration="302"/>
  </file>
  <file path="D:\Projects\2020\react-phalladium\packages\lib\components\transfer\__tests__\transfer.test.tsx">
    <testCase name="Transfer should render transfer view" duration="656"/>
    <testCase name="Transfer should render transfer snapshot" duration="196"/>
    <testCase name="Transfer should transfer right work as expected" duration="274"/>
    <testCase name="Transfer should transfer left work as expected" duration="196"/>
  </file>
  <file path="D:\Projects\2020\react-phalladium\packages\lib\components\list\__tests__\list.test.tsx">
    <testCase name="List should render list" duration="452"/>
    <testCase name="List should call handler" duration="263"/>
    <testCase name="List should handle search" duration="58"/>
    <testCase name="List should render multi selection" duration="343"/>
  </file>
  <file path="D:\Projects\2020\react-phalladium\packages\lib\components\auto-suggest\__tests__\auto-suggest.test.tsx">
    <testCase name="AutoComplete should render Auto Suggest" duration="199"/>
    <testCase name="AutoComplete should render Auto Suggest with placeholder" duration="41"/>
    <testCase name="AutoComplete should render suggestions" duration="572"/>
    <testCase name="AutoComplete should show the selected item" duration="321"/>
    <testCase name="AutoComplete should call onChange with the input" duration="473"/>
  </file>
  <file path="D:\Projects\2020\react-phalladium\packages\lib\components\dropdown\__tests__\dropdown.test.tsx">
    <testCase name="Dropdown should handler be called" duration="997"/>
    <testCase name="Dropdown should auto close menu" duration="715"/>
    <testCase name="Dropdown should render disabled" duration="29"/>
    <testCase name="Dropdown should render allowMultiSelection mode" duration="166"/>
  </file>
  <file path="D:\Projects\2020\react-phalladium\packages\lib\components\tags\__tests__\tags.test.tsx">
    <testCase name="Tags Should render default" duration="624"/>
    <testCase name="Tags Should render disabled" duration="120"/>
    <testCase name="Tags Should create new tag" duration="719"/>
    <testCase name="Tags should delete a tag" duration="158"/>
    <testCase name="Tags should call on change" duration="669"/>
  </file>
  <file path="D:\Projects\2020\react-phalladium\packages\lib\components\drawer\__tests__\drawer.test.tsx">
    <testCase name="Drawer should render the drawer" duration="150"/>
    <testCase name="Drawer should render the drawer from right" duration="65"/>
    <testCase name="Drawer should render the drawer from bottom" duration="73"/>
    <testCase name="Drawer should render the drawer from top" duration="49"/>
    <testCase name="Drawer should close the drawer" duration="341"/>
  </file>
  <file path="D:\Projects\2020\react-phalladium\packages\lib\components\menu\__tests__\menu.test.tsx">
    <testCase name="Menu should render the host component" duration="24"/>
    <testCase name="Menu should onSelection work as expected" duration="94"/>
    <testCase name="Menu should menu toggle" duration="64"/>
    <testCase name="Menu should not select the disabled item" duration="66"/>
  </file>
  <file path="D:\Projects\2020\react-phalladium\packages\lib\components\sidebar\__tests__\sidebar.test.tsx">
    <testCase name="Sidebar should render" duration="454"/>
    <testCase name="Sidebar should call handler" duration="542"/>
  </file>
  <file path="D:\Projects\2020\react-phalladium\packages\lib\components\dialog\__tests__\dialog.test.tsx">
    <testCase name="Dialog should render the dialog" duration="201"/>
    <testCase name="Dialog should render the dialog" duration="48"/>
    <testCase name="Dialog should close the dialog" duration="417"/>
  </file>
  <file path="D:\Projects\2020\react-phalladium\packages\lib\components\notification\__tests__\notification.test.tsx">
    <testCase name="Notification should render the notification" duration="335"/>
  </file>
  <file path="D:\Projects\2020\react-phalladium\packages\lib\components\tree\__tests__\tree-item.test.tsx">
    <testCase name="Tree should render Tree" duration="116"/>
    <testCase name="Tree should render expand and collapse tree" duration="204"/>
  </file>
  <file path="D:\Projects\2020\react-phalladium\packages\lib\components\global-notification\__tests__\global-notification.test.tsx">
    <testCase name="GlobalNotification should render global notification" duration="85"/>
    <testCase name="GlobalNotification should render success state" duration="244"/>
    <testCase name="GlobalNotification should render error state" duration="99"/>
    <testCase name="GlobalNotification should render warning state" duration="86"/>
    <testCase name="GlobalNotification should render info state" duration="95"/>
    <testCase name="GlobalNotification should call onClose on dismissed" duration="475"/>
  </file>
  <file path="D:\Projects\2020\react-phalladium\packages\lib\components\radio-group\__tests__\radio-group.test.tsx">
    <testCase name="Radio Group should render the radio group" duration="158"/>
    <testCase name="Radio Group should call the handler" duration="103"/>
  </file>
  <file path="D:\Projects\2020\react-phalladium\packages\lib\components\rate\__tests__\rate.test.tsx">
    <testCase name="Rate renders correctly" duration="323"/>
    <testCase name="Rate renders custom icon count" duration="303"/>
    <testCase name="Rate renders custom icon" duration="224"/>
    <testCase name="Rate should call onChange" duration="124"/>
    <testCase name="Rate should change on hover" duration="308"/>
    <testCase name="Rate check disabled state" duration="75"/>
  </file>
  <file path="D:\Projects\2020\react-phalladium\packages\lib\components\checkbox-group\__tests__\checkbox-group.test.tsx">
    <testCase name="CheckboxGroup should render checkbox group" duration="336"/>
    <testCase name="CheckboxGroup should match snapshot" duration="73"/>
    <testCase name="CheckboxGroup should check for isChecked" duration="92"/>
    <testCase name="CheckboxGroup check for disabled option" duration="84"/>
    <testCase name="CheckboxGroup should handle on change" duration="99"/>
  </file>
  <file path="D:\Projects\2020\react-phalladium\packages\lib\components\input\__tests__\input.test.tsx">
    <testCase name="Input should render default" duration="134"/>
    <testCase name="Input should render state" duration="80"/>
    <testCase name="Input should call onchange" duration="166"/>
    <testCase name="Input should clear work" duration="49"/>
  </file>
  <file path="D:\Projects\2020\react-phalladium\packages\lib\components\button\__tests__\button.test.tsx">
    <testCase name="Button should render default" duration="16"/>
    <testCase name="Button should render label" duration="41"/>
    <testCase name="Button should render size" duration="104"/>
    <testCase name="Button should render button snapshot" duration="39"/>
    <testCase name="Button should render disabled button" duration="84"/>
    <testCase name="Button should call handler" duration="15"/>
    <testCase name="Button should call handler via keyboard action" duration="38"/>
    <testCase name="Button should have focus" duration="57"/>
  </file>
  <file path="D:\Projects\2020\react-phalladium\packages\lib\components\breadcrumb\__tests__\breadcrumb.test.tsx">
    <testCase name="Breadcrumb should render" duration="182"/>
    <testCase name="Breadcrumb should onClick is called" duration="65"/>
    <testCase name="Breadcrumb should render snapshot" duration="68"/>
  </file>
  <file path="D:\Projects\2020\react-phalladium\packages\lib\components\switch\__tests__\switch.test.tsx">
    <testCase name="Switch should render default" duration="28"/>
    <testCase name="Switch should be checked" duration="56"/>
    <testCase name="Switch should display toggle states" duration="122"/>
  </file>
  <file path="D:\Projects\2020\react-phalladium\packages\lib\components\checkbox\__tests__\checkbox.test.tsx">
    <testCase name="Checkbox should render default" duration="61"/>
    <testCase name="Checkbox should render disabled" duration="90"/>
    <testCase name="Checkbox should render default prop isChecked" duration="17"/>
    <testCase name="Checkbox should call the handler" duration="75"/>
    <testCase name="Checkbox should receive focus" duration="27"/>
    <testCase name="Checkbox should be checked by default" duration="46"/>
  </file>
  <file path="D:\Projects\2020\react-phalladium\packages\lib\components\tabs\__tests__\tabs.test.tsx">
    <testCase name="Tabs should render tabs" duration="135"/>
    <testCase name="Tabs should render tab content on selection" duration="107"/>
    <testCase name="Tabs should render snapshot" duration="97"/>
    <testCase name="Tabs should render a specific tab on load" duration="43"/>
  </file>
  <file path="D:\Projects\2020\react-phalladium\packages\lib\components\page-header\__tests__\page-header.test.tsx">
    <testCase name="PageHeader should render" duration="57"/>
    <testCase name="PageHeader should render the children" duration="17"/>
  </file>
  <file path="D:\Projects\2020\react-phalladium\packages\lib\components\carousel\__tests__\carousel-track.test.tsx">
    <testCase name="Carousel Track Should render the track" duration="197"/>
    <testCase name="Carousel Track Should render the track snapshot" duration="47"/>
    <testCase name="Carousel Track Should call the handler" duration="93"/>
    <testCase name="Carousel Track Should the active selection is selected" duration="94"/>
  </file>
  <file path="D:\Projects\2020\react-phalladium\packages\lib\components\carousel\__tests__\carousel-items.test.tsx">
    <testCase name="Carousel items Should render carousel items" duration="62"/>
    <testCase name="Carousel items Should render carousel items snapshot" duration="36"/>
  </file>
  <file path="D:\Projects\2020\react-phalladium\packages\lib\components\image\__tests__\image.test.tsx">
    <testCase name="Image should render image" duration="70"/>
  </file>
  <file path="D:\Projects\2020\react-phalladium\packages\lib\components\carousel\__tests__\carousel.test.tsx">
    <testCase name="Carousel should render carousel" duration="96"/>
    <testCase name="Carousel should render carousel snapshot" duration="53"/>
    <testCase name="Carousel should render vertical carousel" duration="61"/>
  </file>
  <file path="D:\Projects\2020\react-phalladium\packages\lib\components\radio\__tests__\radio.test.tsx">
    <testCase name="Radio should render the radio component" duration="56"/>
    <testCase name="Radio should call the handler on selection" duration="42"/>
  </file>
  <file path="D:\Projects\2020\react-phalladium\packages\lib\components\skeleton\__tests__\skeleton.test.tsx">
    <testCase name="Skeleton should render skeleton" duration="59"/>
    <testCase name="Skeleton should render skeleton blocks" duration="46"/>
    <testCase name="Skeleton should blink" duration="26"/>
  </file>
  <file path="D:\Projects\2020\react-phalladium\packages\lib\components\data-grid\__tests__\data-grid-cell.test.tsx">
    <testCase name="DataGridCell should render the data grid cell" duration="86"/>
    <testCase name="DataGridCell should render with border" duration="26"/>
  </file>
  <file path="D:\Projects\2020\react-phalladium\packages\lib\components\dropdown\__tests__\dropdown-menu.test.tsx">
    <testCase name="Dropdown menu should render dropdown menu" duration="95"/>
  </file>
  <file path="D:\Projects\2020\react-phalladium\packages\lib\components\carousel\__tests__\carousel-button.test.tsx">
    <testCase name="Carousel Button should render with position" duration="23"/>
    <testCase name="Carousel Button should render carousel button snapshot" duration="83"/>
    <testCase name="Carousel Button should call the onClick handler" duration="53"/>
  </file>
  <file path="D:\Projects\2020\react-phalladium\packages\lib\components\data-grid\__tests__\data-grid-header.test.tsx">
    <testCase name="DataGridHeader should render the headers correctly" duration="30"/>
    <testCase name="DataGridHeader headers should be sortable" duration="115"/>
  </file>
  <file path="D:\Projects\2020\react-phalladium\packages\lib\components\tooltip\__tests__\tooltip.test.tsx">
    <testCase name="Tooltip Should render tooltip" duration="86"/>
    <testCase name="Tooltip Should show/hide tooltip on hover" duration="42"/>
  </file>
  <file path="D:\Projects\2020\react-phalladium\packages\lib\components\progress\__tests__\progress.test.tsx">
    <testCase name="Progress should render progressbar" duration="17"/>
  </file>
  <file path="D:\Projects\2020\react-phalladium\packages\lib\components\card\__tests__\card.test.tsx">
    <testCase name="Card should render a basic card" duration="14"/>
    <testCase name="Card should render header and footer" duration="12"/>
  </file>
  <file path="D:\Projects\2020\react-phalladium\packages\lib\components\section\__tests__\section.test.tsx">
    <testCase name="Section should render Section correctly" duration="33"/>
    <testCase name="Section should render section content" duration="12"/>
  </file>
</testExecutions>