<?xml version="1.0" encoding="UTF-8"?>
<testExecutions version="1">
  <file path="D:\Projects\2020\react-phalladium\packages\lib\components\alert\__tests__\alert.test.tsx">
    <testCase name="Alert should render the alert" duration="291"/>
    <testCase name="Alert should render success state correctly" duration="205"/>
    <testCase name="Alert should render warning state correctly" duration="88"/>
    <testCase name="Alert should render error state correctly" duration="63"/>
    <testCase name="Alert should render info state correctly" duration="44"/>
    <testCase name="Alert should call onDismiss" duration="105"/>
    <testCase name="Alert should render custom content" duration="18"/>
  </file>
  <file path="D:\Projects\2020\react-phalladium\packages\lib\components\accordion\__tests__\accordion.test.tsx">
    <testCase name="Accordion should render accordion" duration="174"/>
    <testCase name="Accordion should render snapshot" duration="47"/>
    <testCase name="Accordion should toggle content" duration="334"/>
    <testCase name="Accordion should call onExpanded" duration="94"/>
  </file>
  <file path="D:\Projects\2020\react-phalladium\packages\lib\components\list\__tests__\list.test.tsx">
    <testCase name="List should render list" duration="275"/>
    <testCase name="List should call handler" duration="157"/>
    <testCase name="List should handle search" duration="41"/>
    <testCase name="List should render multi selection" duration="222"/>
  </file>
  <file path="D:\Projects\2020\react-phalladium\packages\lib\components\dropdown\__tests__\dropdown-menu.test.tsx">
    <testCase name="Dropdown menu should render dropdown menu" duration="348"/>
  </file>
  <file path="D:\Projects\2020\react-phalladium\packages\lib\components\sidebar\__tests__\sidebar.test.tsx">
    <testCase name="Sidebar should render" duration="711"/>
    <testCase name="Sidebar should call handler" duration="462"/>
  </file>
  <file path="D:\Projects\2020\react-phalladium\packages\lib\components\auto-suggest\__tests__\auto-suggest.test.tsx">
    <testCase name="AutoSuggest should render Auto Suggest" duration="56"/>
    <testCase name="AutoSuggest should render Auto Suggest with placeholder" duration="31"/>
    <testCase name="AutoSuggest should render suggestions" duration="333"/>
    <testCase name="AutoSuggest should show the selected item" duration="339"/>
    <testCase name="AutoSuggest should call onChange with the input" duration="389"/>
  </file>
  <file path="D:\Projects\2020\react-phalladium\packages\lib\components\transfer\__tests__\transfer.test.tsx">
    <testCase name="Transfer should render transfer view" duration="657"/>
    <testCase name="Transfer should render transfer snapshot" duration="213"/>
    <testCase name="Transfer should transfer right work as expected" duration="172"/>
    <testCase name="Transfer should transfer left work as expected" duration="171"/>
  </file>
  <file path="D:\Projects\2020\react-phalladium\packages\lib\components\dropdown\__tests__\dropdown.test.tsx">
    <testCase name="Dropdown should handler be called" duration="787"/>
    <testCase name="Dropdown should auto close menu" duration="504"/>
    <testCase name="Dropdown should render disabled" duration="36"/>
    <testCase name="Dropdown should render allowMultiSelection mode" duration="116"/>
    <testCase name="Dropdown should clear selection on pressing the clear button" duration="319"/>
  </file>
  <file path="D:\Projects\2020\react-phalladium\packages\lib\components\tags\__tests__\tags.test.tsx">
    <testCase name="Tags Should render default" duration="574"/>
    <testCase name="Tags Should render disabled" duration="111"/>
    <testCase name="Tags Should create new tag" duration="694"/>
    <testCase name="Tags should delete a tag" duration="115"/>
    <testCase name="Tags should call on change" duration="635"/>
  </file>
  <file path="D:\Projects\2020\react-phalladium\packages\lib\components\rate\__tests__\rate.test.tsx">
    <testCase name="Rate renders correctly" duration="195"/>
    <testCase name="Rate renders custom icon count" duration="195"/>
    <testCase name="Rate renders custom icon" duration="176"/>
    <testCase name="Rate should call onChange" duration="233"/>
    <testCase name="Rate should change on hover" duration="244"/>
    <testCase name="Rate check disabled state" duration="107"/>
  </file>
  <file path="D:\Projects\2020\react-phalladium\packages\lib\components\dialog\__tests__\dialog.test.tsx">
    <testCase name="Dialog should render the dialog" duration="207"/>
    <testCase name="Dialog should render the dialog" duration="64"/>
    <testCase name="Dialog should close the dialog" duration="543"/>
  </file>
  <file path="D:\Projects\2020\react-phalladium\packages\lib\components\tabs\__tests__\tabs.test.tsx">
    <testCase name="Tabs should render tabs" duration="212"/>
    <testCase name="Tabs should render tab content on selection" duration="96"/>
    <testCase name="Tabs should render snapshot" duration="86"/>
    <testCase name="Tabs should render a specific tab on load" duration="60"/>
  </file>
  <file path="D:\Projects\2020\react-phalladium\packages\lib\components\drawer\__tests__\drawer.test.tsx">
    <testCase name="Drawer should render the drawer" duration="158"/>
    <testCase name="Drawer should render the drawer from right" duration="114"/>
    <testCase name="Drawer should render the drawer from bottom" duration="74"/>
    <testCase name="Drawer should render the drawer from top" duration="53"/>
    <testCase name="Drawer should close the drawer" duration="339"/>
  </file>
  <file path="D:\Projects\2020\react-phalladium\packages\lib\components\checkbox\__tests__\checkbox.test.tsx">
    <testCase name="Checkbox should render default" duration="32"/>
    <testCase name="Checkbox should render disabled" duration="173"/>
    <testCase name="Checkbox should render default prop isChecked" duration="20"/>
    <testCase name="Checkbox should call the handler" duration="94"/>
    <testCase name="Checkbox should receive focus" duration="42"/>
    <testCase name="Checkbox should be checked by default" duration="25"/>
  </file>
  <file path="D:\Projects\2020\react-phalladium\packages\lib\components\global-notification\__tests__\global-notification.test.tsx">
    <testCase name="GlobalNotification should render global notification" duration="94"/>
    <testCase name="GlobalNotification should render success state" duration="109"/>
    <testCase name="GlobalNotification should render error state" duration="74"/>
    <testCase name="GlobalNotification should render warning state" duration="74"/>
    <testCase name="GlobalNotification should render info state" duration="95"/>
    <testCase name="GlobalNotification should call onClose on dismissed" duration="379"/>
  </file>
  <file path="D:\Projects\2020\react-phalladium\packages\lib\components\input\__tests__\input.test.tsx">
    <testCase name="Input should render default" duration="195"/>
    <testCase name="Input should render state" duration="71"/>
    <testCase name="Input should call onchange" duration="137"/>
    <testCase name="Input should clear work" duration="44"/>
  </file>
  <file path="D:\Projects\2020\react-phalladium\packages\lib\components\carousel\__tests__\carousel.test.tsx">
    <testCase name="Carousel should render carousel" duration="58"/>
    <testCase name="Carousel should render carousel snapshot" duration="45"/>
    <testCase name="Carousel should render vertical carousel" duration="40"/>
  </file>
  <file path="D:\Projects\2020\react-phalladium\packages\lib\components\carousel\__tests__\carousel-track.test.tsx">
    <testCase name="Carousel Track Should render the track" duration="119"/>
    <testCase name="Carousel Track Should render the track snapshot" duration="41"/>
    <testCase name="Carousel Track Should call the handler" duration="66"/>
    <testCase name="Carousel Track Should the active selection is selected" duration="74"/>
  </file>
  <file path="D:\Projects\2020\react-phalladium\packages\lib\components\button\__tests__\button.test.tsx">
    <testCase name="Button should render default" duration="31"/>
    <testCase name="Button should render label" duration="16"/>
    <testCase name="Button should render size" duration="69"/>
    <testCase name="Button should render button snapshot" duration="29"/>
    <testCase name="Button should render disabled button" duration="43"/>
    <testCase name="Button should call handler" duration="25"/>
    <testCase name="Button should call handler via keyboard action" duration="25"/>
    <testCase name="Button should have focus" duration="77"/>
  </file>
  <file path="D:\Projects\2020\react-phalladium\packages\lib\components\tooltip\__tests__\tooltip.test.tsx">
    <testCase name="Tooltip Should render tooltip" duration="59"/>
    <testCase name="Tooltip Should show/hide tooltip on hover" duration="47"/>
    <testCase name="Tooltip should render tooltip statically" duration="71"/>
    <testCase name="Tooltip should render tooltip bottom center" duration="46"/>
    <testCase name="Tooltip should render tooltip bottom left" duration="37"/>
    <testCase name="Tooltip should render tooltip bottom right" duration="51"/>
    <testCase name="Tooltip should render tooltip top left" duration="133"/>
    <testCase name="Tooltip should render tooltip top right" duration="39"/>
    <testCase name="Tooltip should render left center" duration="69"/>
    <testCase name="Tooltip should render right center" duration="52"/>
    <testCase name="Tooltip should render left top" duration="51"/>
    <testCase name="Tooltip should render left bottom" duration="34"/>
  </file>
  <file path="D:\Projects\2020\react-phalladium\packages\lib\components\carousel\__tests__\carousel-button.test.tsx">
    <testCase name="Carousel Button should render with position" duration="40"/>
    <testCase name="Carousel Button should render carousel button snapshot" duration="70"/>
    <testCase name="Carousel Button should call the onClick handler" duration="43"/>
  </file>
  <file path="D:\Projects\2020\react-phalladium\packages\lib\components\breadcrumb\__tests__\breadcrumb.test.tsx">
    <testCase name="Breadcrumb should render" duration="146"/>
    <testCase name="Breadcrumb should onClick is called" duration="43"/>
    <testCase name="Breadcrumb should render snapshot" duration="57"/>
  </file>
  <file path="D:\Projects\2020\react-phalladium\packages\lib\components\checkbox-group\__tests__\checkbox-group.test.tsx">
    <testCase name="CheckboxGroup should render checkbox group" duration="205"/>
    <testCase name="CheckboxGroup should match snapshot" duration="62"/>
    <testCase name="CheckboxGroup should check for isChecked" duration="70"/>
    <testCase name="CheckboxGroup check for disabled option" duration="80"/>
    <testCase name="CheckboxGroup should handle on change" duration="122"/>
  </file>
  <file path="D:\Projects\2020\react-phalladium\packages\lib\components\tree\__tests__\tree-item.test.tsx">
    <testCase name="Tree should render Tree" duration="121"/>
    <testCase name="Tree should render expand and collapse tree" duration="201"/>
  </file>
  <file path="D:\Projects\2020\react-phalladium\packages\lib\components\radio\__tests__\radio.test.tsx">
    <testCase name="Radio should render the radio component" duration="71"/>
    <testCase name="Radio should call the handler on selection" duration="78"/>
  </file>
  <file path="D:\Projects\2020\react-phalladium\packages\lib\components\data-grid\__tests__\data-grid-header.test.tsx">
    <testCase name="DataGridHeader should render the headers correctly" duration="49"/>
    <testCase name="DataGridHeader headers should be sortable" duration="88"/>
  </file>
  <file path="D:\Projects\2020\react-phalladium\packages\lib\components\carousel\__tests__\carousel-items.test.tsx">
    <testCase name="Carousel items Should render carousel items" duration="81"/>
    <testCase name="Carousel items Should render carousel items snapshot" duration="49"/>
  </file>
  <file path="D:\Projects\2020\react-phalladium\packages\lib\components\section\__tests__\section.test.tsx">
    <testCase name="Section should render Section correctly" duration="24"/>
    <testCase name="Section should render section content" duration="15"/>
  </file>
  <file path="D:\Projects\2020\react-phalladium\packages\lib\components\menu\__tests__\menu.test.tsx">
    <testCase name="Menu should render the host component" duration="23"/>
    <testCase name="Menu should onSelection work as expected" duration="110"/>
    <testCase name="Menu should menu toggle" duration="65"/>
    <testCase name="Menu should not select the disabled item" duration="39"/>
  </file>
  <file path="D:\Projects\2020\react-phalladium\packages\lib\components\notification\__tests__\notification.test.tsx">
    <testCase name="Notification should render the notification" duration="145"/>
  </file>
  <file path="D:\Projects\2020\react-phalladium\packages\lib\components\image\__tests__\image.test.tsx">
    <testCase name="Image should render image" duration="44"/>
  </file>
  <file path="D:\Projects\2020\react-phalladium\packages\lib\components\menu-button\__tests__\menu-button.test.tsx">
    <testCase name="Menu Button should render the Menu button" duration="53"/>
    <testCase name="Menu Button should open menu on click" duration="158"/>
  </file>
  <file path="D:\Projects\2020\react-phalladium\packages\lib\components\page-header\__tests__\page-header.test.tsx">
    <testCase name="PageHeader should render" duration="60"/>
    <testCase name="PageHeader should render the children" duration="16"/>
  </file>
  <file path="D:\Projects\2020\react-phalladium\packages\lib\components\radio-group\__tests__\radio-group.test.tsx">
    <testCase name="Radio Group should render the radio group" duration="125"/>
    <testCase name="Radio Group should call the handler" duration="95"/>
  </file>
  <file path="D:\Projects\2020\react-phalladium\packages\lib\components\card\__tests__\card.test.tsx">
    <testCase name="Card should render a basic card" duration="14"/>
    <testCase name="Card should render header and footer" duration="24"/>
  </file>
  <file path="D:\Projects\2020\react-phalladium\packages\lib\components\progress\__tests__\progress.test.tsx">
    <testCase name="Progress should render progressbar" duration="27"/>
  </file>
  <file path="D:\Projects\2020\react-phalladium\packages\lib\components\switch\__tests__\switch.test.tsx">
    <testCase name="Switch should render default" duration="18"/>
    <testCase name="Switch should be checked" duration="42"/>
    <testCase name="Switch should display toggle states" duration="137"/>
  </file>
  <file path="D:\Projects\2020\react-phalladium\packages\lib\components\skeleton\__tests__\skeleton.test.tsx">
    <testCase name="Skeleton should render skeleton" duration="31"/>
    <testCase name="Skeleton should render skeleton blocks" duration="30"/>
    <testCase name="Skeleton should blink" duration="26"/>
  </file>
  <file path="D:\Projects\2020\react-phalladium\packages\lib\components\data-grid\__tests__\data-grid-cell.test.tsx">
    <testCase name="DataGridCell should render the data grid cell" duration="52"/>
    <testCase name="DataGridCell should render with border" duration="26"/>
  </file>
</testExecutions>