<?xml version="1.0" encoding="UTF-8"?>
<testExecutions version="1">
  <file path="D:\Projects\2020\react-phalladium\packages\lib\components\alert\__tests__\alert.test.tsx">
  </file>
  <file path="D:\Projects\2020\react-phalladium\packages\lib\components\accordion\__tests__\accordion.test.tsx">
  </file>
  <file path="D:\Projects\2020\react-phalladium\packages\lib\components\rate\__tests__\rate.test.tsx">
  </file>
  <file path="D:\Projects\2020\react-phalladium\packages\lib\components\auto-suggest\__tests__\auto-suggest.test.tsx">
  </file>
  <file path="D:\Projects\2020\react-phalladium\packages\lib\components\tabs\__tests__\tabs.test.tsx">
    <testCase name="Tabs should render tabs" duration="374"/>
    <testCase name="Tabs should render tab content on selection" duration="106"/>
    <testCase name="Tabs should render snapshot" duration="129"/>
    <testCase name="Tabs should render a specific tab on load" duration="108"/>
  </file>
  <file path="D:\Projects\2020\react-phalladium\packages\lib\components\tags\__tests__\tags.test.tsx">
  </file>
  <file path="D:\Projects\2020\react-phalladium\packages\lib\components\switch\__tests__\switch.test.tsx">
  </file>
  <file path="D:\Projects\2020\react-phalladium\packages\lib\components\list\__tests__\list.test.tsx">
  </file>
  <file path="D:\Projects\2020\react-phalladium\packages\lib\components\dropdown\__tests__\dropdown.test.tsx">
  </file>
  <file path="D:\Projects\2020\react-phalladium\packages\lib\components\dialog\__tests__\dialog.test.tsx">
    <testCase name="Dialog should render the dialog" duration="531"/>
    <testCase name="Dialog should render the dialog" duration="81"/>
    <testCase name="Dialog should close the dialog" duration="434"/>
  </file>
  <file path="D:\Projects\2020\react-phalladium\packages\lib\components\drawer\__tests__\drawer.test.tsx">
    <testCase name="Drawer should render the drawer" duration="733"/>
    <testCase name="Drawer should render the drawer from right" duration="140"/>
    <testCase name="Drawer should render the drawer from bottom" duration="88"/>
    <testCase name="Drawer should render the drawer from top" duration="73"/>
    <testCase name="Drawer should close the drawer" duration="399"/>
  </file>
  <file path="D:\Projects\2020\react-phalladium\packages\lib\components\input\__tests__\input.test.tsx">
  </file>
  <file path="D:\Projects\2020\react-phalladium\packages\lib\components\dropdown\__tests__\dropdown-menu.test.tsx">
  </file>
  <file path="D:\Projects\2020\react-phalladium\packages\lib\components\sidebar\__tests__\sidebar.test.tsx">
  </file>
  <file path="D:\Projects\2020\react-phalladium\packages\lib\components\page-header\__tests__\page-header.test.tsx">
    <testCase name="PageHeader should render" duration="18"/>
    <testCase name="PageHeader should render the children" duration="12"/>
  </file>
  <file path="D:\Projects\2020\react-phalladium\packages\lib\components\carousel\__tests__\carousel-track.test.tsx">
  </file>
  <file path="D:\Projects\2020\react-phalladium\packages\lib\components\carousel\__tests__\carousel-button.test.tsx">
  </file>
  <file path="D:\Projects\2020\react-phalladium\packages\lib\components\transfer\__tests__\transfer.test.tsx">
  </file>
  <file path="D:\Projects\2020\react-phalladium\packages\lib\components\checkbox-group\__tests__\checkbox-group.test.tsx">
  </file>
  <file path="D:\Projects\2020\react-phalladium\packages\lib\components\button\__tests__\button.test.tsx">
  </file>
  <file path="D:\Projects\2020\react-phalladium\packages\lib\components\tooltip\__tests__\tooltip.test.tsx">
    <testCase name="Tooltip Should render tooltip" duration="326"/>
    <testCase name="Tooltip Should show/hide tooltip on hover" duration="184"/>
    <testCase name="Tooltip should render tooltip statically" duration="80"/>
    <testCase name="Tooltip should render tooltip bottom center" duration="101"/>
    <testCase name="Tooltip should render tooltip bottom left" duration="78"/>
    <testCase name="Tooltip should render tooltip bottom right" duration="33"/>
    <testCase name="Tooltip should render tooltip top left" duration="47"/>
    <testCase name="Tooltip should render tooltip top right" duration="75"/>
    <testCase name="Tooltip should render left center" duration="69"/>
    <testCase name="Tooltip should render right center" duration="56"/>
    <testCase name="Tooltip should render left top" duration="38"/>
    <testCase name="Tooltip should render left bottom" duration="51"/>
  </file>
  <file path="D:\Projects\2020\react-phalladium\packages\lib\components\checkbox\__tests__\checkbox.test.tsx">
  </file>
  <file path="D:\Projects\2020\react-phalladium\packages\lib\components\menu-button\__tests__\menu-button.test.tsx">
  </file>
  <file path="D:\Projects\2020\react-phalladium\packages\lib\components\data-grid\__tests__\data-grid-cell.test.tsx">
    <testCase name="DataGridCell should render the data grid cell" duration="394"/>
    <testCase name="DataGridCell should render with border" duration="47"/>
  </file>
  <file path="D:\Projects\2020\react-phalladium\packages\lib\components\tree\__tests__\tree-item.test.tsx">
    <testCase name="Tree should render Tree" duration="264"/>
    <testCase name="Tree should render expand and collapse tree" duration="190"/>
  </file>
  <file path="D:\Projects\2020\react-phalladium\packages\lib\components\carousel\__tests__\carousel.test.tsx">
    <testCase name="Carousel should render carousel" duration="246"/>
    <testCase name="Carousel should render carousel snapshot" duration="100"/>
    <testCase name="Carousel should render vertical carousel" duration="80"/>
  </file>
  <file path="D:\Projects\2020\react-phalladium\packages\lib\components\global-notification\__tests__\global-notification.test.tsx">
  </file>
  <file path="D:\Projects\2020\react-phalladium\packages\lib\components\data-grid\__tests__\data-grid-header.test.tsx">
    <testCase name="DataGridHeader should render the headers correctly" duration="190"/>
    <testCase name="DataGridHeader headers should be sortable" duration="360"/>
  </file>
  <file path="D:\Projects\2020\react-phalladium\packages\lib\components\breadcrumb\__tests__\breadcrumb.test.tsx">
  </file>
  <file path="D:\Projects\2020\react-phalladium\packages\lib\components\notification\__tests__\notification.test.tsx">
    <testCase name="Notification should render the notification" duration="562"/>
  </file>
  <file path="D:\Projects\2020\react-phalladium\packages\lib\components\carousel\__tests__\carousel-items.test.tsx">
    <testCase name="Carousel items Should render carousel items" duration="287"/>
    <testCase name="Carousel items Should render carousel items snapshot" duration="56"/>
  </file>
  <file path="D:\Projects\2020\react-phalladium\packages\lib\components\radio\__tests__\radio.test.tsx">
  </file>
  <file path="D:\Projects\2020\react-phalladium\packages\lib\components\menu\__tests__\menu.test.tsx">
  </file>
  <file path="D:\Projects\2020\react-phalladium\packages\lib\components\skeleton\__tests__\skeleton.test.tsx">
    <testCase name="Skeleton should render skeleton" duration="34"/>
    <testCase name="Skeleton should render skeleton blocks" duration="101"/>
    <testCase name="Skeleton should blink" duration="40"/>
  </file>
  <file path="D:\Projects\2020\react-phalladium\packages\lib\components\card\__tests__\card.test.tsx">
    <testCase name="Card should render a basic card" duration="14"/>
    <testCase name="Card should render header and footer" duration="28"/>
  </file>
  <file path="D:\Projects\2020\react-phalladium\packages\lib\components\radio-group\__tests__\radio-group.test.tsx">
  </file>
  <file path="D:\Projects\2020\react-phalladium\packages\lib\components\progress\__tests__\progress.test.tsx">
    <testCase name="Progress should render progressbar in indeterminate mode" duration="52"/>
    <testCase name="Progress should render in determinate mode" duration="45"/>
    <testCase name="Progress should have all aria values" duration="34"/>
  </file>
  <file path="D:\Projects\2020\react-phalladium\packages\lib\components\section\__tests__\section.test.tsx">
    <testCase name="Section should render Section correctly" duration="13"/>
    <testCase name="Section should render section content" duration="10"/>
  </file>
  <file path="D:\Projects\2020\react-phalladium\packages\lib\components\image\__tests__\image.test.tsx">
    <testCase name="Image should render image" duration="98"/>
  </file>
</testExecutions>