<?xml version="1.0" encoding="UTF-8"?>
<testExecutions version="1">
  <file path="D:\Projects\2020\react-phalladium\packages\lib\components\dropdown\__tests__\dropdown-menu.test.tsx">
    <testCase name="Dropdown menu should render dropdown menu" duration="186"/>
  </file>
  <file path="D:\Projects\2020\react-phalladium\packages\lib\components\dropdown\__tests__\dropdown.test.tsx">
    <testCase name="Dropdown should handler be called" duration="364"/>
    <testCase name="Dropdown should auto close menu" duration="445"/>
    <testCase name="Dropdown should render disabled" duration="7"/>
    <testCase name="Dropdown should render allowMultiSelection mode" duration="50"/>
    <testCase name="Dropdown should clear selection on pressing the clear button" duration="102"/>
  </file>
</testExecutions>