<?xml version="1.0" encoding="UTF-8"?>
<testExecutions version="1">
  <file path="D:\Projects\2020\react-phalladium\packages\lib\components\accordion\__tests__\accordion.test.tsx">
    <testCase name="Accordion should render accordion" duration="117"/>
    <testCase name="Accordion should render snapshot" duration="35"/>
    <testCase name="Accordion should toggle content" duration="242"/>
    <testCase name="Accordion should call onExpanded" duration="70"/>
  </file>
  <file path="D:\Projects\2020\react-phalladium\packages\lib\components\alert\__tests__\alert.test.tsx">
    <testCase name="Alert should render the alert" duration="163"/>
    <testCase name="Alert should render success state correctly" duration="204"/>
    <testCase name="Alert should render warning state correctly" duration="89"/>
    <testCase name="Alert should render error state correctly" duration="70"/>
    <testCase name="Alert should render info state correctly" duration="58"/>
    <testCase name="Alert should call onDismiss" duration="87"/>
    <testCase name="Alert should render custom content" duration="21"/>
  </file>
  <file path="D:\Projects\2020\react-phalladium\packages\lib\components\transfer\__tests__\transfer.test.tsx">
    <testCase name="Transfer should render transfer view" duration="594"/>
    <testCase name="Transfer should render transfer snapshot" duration="197"/>
    <testCase name="Transfer should transfer right work as expected" duration="204"/>
    <testCase name="Transfer should transfer left work as expected" duration="132"/>
  </file>
  <file path="D:\Projects\2020\react-phalladium\packages\lib\components\list\__tests__\list.test.tsx">
    <testCase name="List should render list" duration="452"/>
    <testCase name="List should call handler" duration="297"/>
    <testCase name="List should handle search" duration="75"/>
    <testCase name="List should render multi selection" duration="398"/>
  </file>
  <file path="D:\Projects\2020\react-phalladium\packages\lib\components\input\__tests__\input.test.tsx">
    <testCase name="Input should render default" duration="230"/>
    <testCase name="Input should render state" duration="65"/>
    <testCase name="Input should call onchange" duration="163"/>
    <testCase name="Input should clear work" duration="95"/>
  </file>
  <file path="D:\Projects\2020\react-phalladium\packages\lib\components\dropdown\__tests__\dropdown-menu.test.tsx">
    <testCase name="Dropdown menu should render dropdown menu" duration="190"/>
  </file>
  <file path="D:\Projects\2020\react-phalladium\packages\lib\components\sidebar\__tests__\sidebar.test.tsx">
    <testCase name="Sidebar should render" duration="728"/>
    <testCase name="Sidebar should call handler" duration="485"/>
  </file>
  <file path="D:\Projects\2020\react-phalladium\packages\lib\components\switch\__tests__\switch.test.tsx">
    <testCase name="Switch should render default" duration="17"/>
    <testCase name="Switch should be checked" duration="156"/>
    <testCase name="Switch should display toggle states" duration="114"/>
  </file>
  <file path="D:\Projects\2020\react-phalladium\packages\lib\components\dropdown\__tests__\dropdown.test.tsx">
    <testCase name="Dropdown should handler be called" duration="921"/>
    <testCase name="Dropdown should auto close menu" duration="662"/>
    <testCase name="Dropdown should render disabled" duration="40"/>
    <testCase name="Dropdown should render allowMultiSelection mode" duration="220"/>
  </file>
  <file path="D:\Projects\2020\react-phalladium\packages\lib\components\tabs\__tests__\tabs.test.tsx">
    <testCase name="Tabs should render tabs" duration="138"/>
    <testCase name="Tabs should render tab content on selection" duration="64"/>
    <testCase name="Tabs should render snapshot" duration="105"/>
    <testCase name="Tabs should render a specific tab on load" duration="41"/>
  </file>
  <file path="D:\Projects\2020\react-phalladium\packages\lib\components\menu-button\__tests__\menu-button.test.tsx">
    <testCase name="Menu Button should render the Menu button" duration="42"/>
    <testCase name="Menu Button should open menu on click" duration="311"/>
  </file>
  <file path="D:\Projects\2020\react-phalladium\packages\lib\components\tags\__tests__\tags.test.tsx">
    <testCase name="Tags Should render default" duration="695"/>
    <testCase name="Tags Should render disabled" duration="173"/>
    <testCase name="Tags Should create new tag" duration="753"/>
    <testCase name="Tags should delete a tag" duration="158"/>
    <testCase name="Tags should call on change" duration="610"/>
  </file>
  <file path="D:\Projects\2020\react-phalladium\packages\lib\components\global-notification\__tests__\global-notification.test.tsx">
    <testCase name="GlobalNotification should render global notification" duration="52"/>
    <testCase name="GlobalNotification should render success state" duration="79"/>
    <testCase name="GlobalNotification should render error state" duration="45"/>
    <testCase name="GlobalNotification should render warning state" duration="44"/>
    <testCase name="GlobalNotification should render info state" duration="85"/>
    <testCase name="GlobalNotification should call onClose on dismissed" duration="390"/>
  </file>
  <file path="D:\Projects\2020\react-phalladium\packages\lib\components\drawer\__tests__\drawer.test.tsx">
    <testCase name="Drawer should render the drawer" duration="145"/>
    <testCase name="Drawer should render the drawer from right" duration="99"/>
    <testCase name="Drawer should render the drawer from bottom" duration="52"/>
    <testCase name="Drawer should render the drawer from top" duration="69"/>
    <testCase name="Drawer should close the drawer" duration="338"/>
  </file>
  <file path="D:\Projects\2020\react-phalladium\packages\lib\components\rate\__tests__\rate.test.tsx">
    <testCase name="Rate renders correctly" duration="251"/>
    <testCase name="Rate renders custom icon count" duration="140"/>
    <testCase name="Rate renders custom icon" duration="192"/>
    <testCase name="Rate should call onChange" duration="111"/>
    <testCase name="Rate should change on hover" duration="266"/>
    <testCase name="Rate check disabled state" duration="88"/>
  </file>
  <file path="D:\Projects\2020\react-phalladium\packages\lib\components\carousel\__tests__\carousel-track.test.tsx">
    <testCase name="Carousel Track Should render the track" duration="244"/>
    <testCase name="Carousel Track Should render the track snapshot" duration="59"/>
    <testCase name="Carousel Track Should call the handler" duration="85"/>
    <testCase name="Carousel Track Should the active selection is selected" duration="77"/>
  </file>
  <file path="D:\Projects\2020\react-phalladium\packages\lib\components\notification\__tests__\notification.test.tsx">
    <testCase name="Notification should render the notification" duration="178"/>
  </file>
  <file path="D:\Projects\2020\react-phalladium\packages\lib\components\breadcrumb\__tests__\breadcrumb.test.tsx">
    <testCase name="Breadcrumb should render" duration="219"/>
    <testCase name="Breadcrumb should onClick is called" duration="75"/>
    <testCase name="Breadcrumb should render snapshot" duration="38"/>
  </file>
  <file path="D:\Projects\2020\react-phalladium\packages\lib\components\checkbox\__tests__\checkbox.test.tsx">
    <testCase name="Checkbox should render default" duration="32"/>
    <testCase name="Checkbox should render disabled" duration="149"/>
    <testCase name="Checkbox should render default prop isChecked" duration="24"/>
    <testCase name="Checkbox should call the handler" duration="41"/>
    <testCase name="Checkbox should receive focus" duration="40"/>
    <testCase name="Checkbox should be checked by default" duration="26"/>
  </file>
  <file path="D:\Projects\2020\react-phalladium\packages\lib\components\tree\__tests__\tree-item.test.tsx">
    <testCase name="Tree should render Tree" duration="94"/>
    <testCase name="Tree should render expand and collapse tree" duration="132"/>
  </file>
  <file path="D:\Projects\2020\react-phalladium\packages\lib\components\carousel\__tests__\carousel.test.tsx">
    <testCase name="Carousel should render carousel" duration="100"/>
    <testCase name="Carousel should render carousel snapshot" duration="51"/>
    <testCase name="Carousel should render vertical carousel" duration="41"/>
  </file>
  <file path="D:\Projects\2020\react-phalladium\packages\lib\components\dialog\__tests__\dialog.test.tsx">
    <testCase name="Dialog should render the dialog" duration="129"/>
    <testCase name="Dialog should render the dialog" duration="51"/>
    <testCase name="Dialog should close the dialog" duration="326"/>
  </file>
  <file path="D:\Projects\2020\react-phalladium\packages\lib\components\radio\__tests__\radio.test.tsx">
    <testCase name="Radio should render the radio component" duration="47"/>
    <testCase name="Radio should call the handler on selection" duration="70"/>
  </file>
  <file path="D:\Projects\2020\react-phalladium\packages\lib\components\carousel\__tests__\carousel-items.test.tsx">
    <testCase name="Carousel items Should render carousel items" duration="76"/>
    <testCase name="Carousel items Should render carousel items snapshot" duration="63"/>
  </file>
  <file path="D:\Projects\2020\react-phalladium\packages\lib\components\page-header\__tests__\page-header.test.tsx">
    <testCase name="PageHeader should render" duration="47"/>
    <testCase name="PageHeader should render the children" duration="14"/>
  </file>
  <file path="D:\Projects\2020\react-phalladium\packages\lib\components\checkbox-group\__tests__\checkbox-group.test.tsx">
    <testCase name="CheckboxGroup should render checkbox group" duration="251"/>
    <testCase name="CheckboxGroup should match snapshot" duration="59"/>
    <testCase name="CheckboxGroup should check for isChecked" duration="77"/>
    <testCase name="CheckboxGroup check for disabled option" duration="67"/>
    <testCase name="CheckboxGroup should handle on change" duration="121"/>
  </file>
  <file path="D:\Projects\2020\react-phalladium\packages\lib\components\radio-group\__tests__\radio-group.test.tsx">
    <testCase name="Radio Group should render the radio group" duration="193"/>
    <testCase name="Radio Group should call the handler" duration="131"/>
  </file>
  <file path="D:\Projects\2020\react-phalladium\packages\lib\components\menu\__tests__\menu.test.tsx">
    <testCase name="Menu should render the host component" duration="33"/>
    <testCase name="Menu should onSelection work as expected" duration="78"/>
    <testCase name="Menu should menu toggle" duration="81"/>
    <testCase name="Menu should not select the disabled item" duration="140"/>
  </file>
  <file path="D:\Projects\2020\react-phalladium\packages\lib\components\tooltip\__tests__\tooltip.test.tsx">
    <testCase name="Tooltip Should render tooltip" duration="56"/>
    <testCase name="Tooltip Should show/hide tooltip on hover" duration="181"/>
  </file>
  <file path="D:\Projects\2020\react-phalladium\packages\lib\components\image\__tests__\image.test.tsx">
    <testCase name="Image should render image" duration="87"/>
  </file>
  <file path="D:\Projects\2020\react-phalladium\packages\lib\components\carousel\__tests__\carousel-button.test.tsx">
    <testCase name="Carousel Button should render with position" duration="32"/>
    <testCase name="Carousel Button should render carousel button snapshot" duration="84"/>
    <testCase name="Carousel Button should call the onClick handler" duration="51"/>
  </file>
  <file path="D:\Projects\2020\react-phalladium\packages\lib\components\data-grid\__tests__\data-grid-cell.test.tsx">
    <testCase name="DataGridCell should render the data grid cell" duration="85"/>
    <testCase name="DataGridCell should render with border" duration="40"/>
  </file>
  <file path="D:\Projects\2020\react-phalladium\packages\lib\components\data-grid\__tests__\data-grid-header.test.tsx">
    <testCase name="DataGridHeader should render the headers correctly" duration="32"/>
    <testCase name="DataGridHeader headers should be sortable" duration="103"/>
  </file>
  <file path="D:\Projects\2020\react-phalladium\packages\lib\components\button\__tests__\button.test.tsx">
    <testCase name="Button should render default" duration="80"/>
    <testCase name="Button should render label" duration="16"/>
    <testCase name="Button should render size" duration="109"/>
    <testCase name="Button should render button snapshot" duration="37"/>
    <testCase name="Button should render disabled button" duration="59"/>
    <testCase name="Button should call handler" duration="16"/>
    <testCase name="Button should call handler via keyboard action" duration="20"/>
    <testCase name="Button should have focus" duration="70"/>
  </file>
  <file path="D:\Projects\2020\react-phalladium\packages\lib\components\card\__tests__\card.test.tsx">
    <testCase name="Card should render a basic card" duration="18"/>
    <testCase name="Card should render header and footer" duration="18"/>
  </file>
  <file path="D:\Projects\2020\react-phalladium\packages\lib\components\section\__tests__\section.test.tsx">
    <testCase name="Section should render Section correctly" duration="24"/>
    <testCase name="Section should render section content" duration="12"/>
  </file>
  <file path="D:\Projects\2020\react-phalladium\packages\lib\components\progress\__tests__\progress.test.tsx">
    <testCase name="Progress should render progressbar" duration="17"/>
  </file>
  <file path="D:\Projects\2020\react-phalladium\packages\lib\components\skeleton\__tests__\skeleton.test.tsx">
    <testCase name="Skeleton should render skeleton" duration="48"/>
    <testCase name="Skeleton should render skeleton blocks" duration="48"/>
    <testCase name="Skeleton should blink" duration="19"/>
  </file>
  <file path="D:\Projects\2020\react-phalladium\packages\lib\components\auto-suggest\__tests__\auto-suggest.test.tsx">
    <testCase name="AutoSuggest should render Auto Suggest" duration="28"/>
    <testCase name="AutoSuggest should render Auto Suggest with placeholder" duration="15"/>
    <testCase name="AutoSuggest should render suggestions" duration="123"/>
    <testCase name="AutoSuggest should show the selected item" duration="117"/>
    <testCase name="AutoSuggest should call onChange with the input" duration="398"/>
  </file>
</testExecutions>