<?xml version="1.0" encoding="UTF-8"?>
<testExecutions version="1">
  <file path="D:\Projects\2020\react-phalladium\packages\lib\components\list\__tests__\list.test.tsx">
    <testCase name="List should render list" duration="111"/>
    <testCase name="List should call handler" duration="109"/>
    <testCase name="List should handle search" duration="37"/>
    <testCase name="List should render multi selection" duration="117"/>
  </file>
</testExecutions>